This file contains any messages produced by compilers while
running configure, to aid debugging if configure makes a mistake.

It was created by xjoj configure 1.0, which was
generated by GNU Autoconf 2.61.  Invocation command line was

  $ ./configure --no-create --no-recursion

## --------- ##
## Platform. ##
## --------- ##

hostname = chenkun-desktop
uname -m = i686
uname -r = 2.6.32-24-generic
uname -s = Linux
uname -v = #39-Ubuntu SMP Wed Jul 28 06:07:29 UTC 2010

/usr/bin/uname -p = unknown
/bin/uname -X     = unknown

/bin/arch              = unknown
/usr/bin/arch -k       = unknown
/usr/convex/getsysinfo = unknown
/usr/bin/hostinfo      = unknown
/bin/machine           = unknown
/usr/bin/oslevel       = unknown
/bin/universe          = unknown

PATH: /opt/IBM/informix/bin
PATH: /opt/IBM/informix/extend/krakatoa/jre/bin
PATH: /usr/local/sbin
PATH: /usr/local/bin
PATH: /usr/sbin
PATH: /usr/bin
PATH: /sbin
PATH: /bin
PATH: /usr/games


## ----------- ##
## Core tests. ##
## ----------- ##

configure:1786: checking for a BSD-compatible install
configure:1842: result: /usr/bin/install -c
configure:1853: checking whether build environment is sane
configure:1896: result: yes
configure:1924: checking for a thread-safe mkdir -p
configure:1963: result: /bin/mkdir -p
configure:1976: checking for gawk
configure:1992: found /usr/bin/gawk
configure:2003: result: gawk
configure:2014: checking whether make sets $(MAKE)
configure:2035: result: yes
configure:2286: checking for g++
configure:2302: found /usr/bin/g++
configure:2313: result: g++
configure:2344: checking for C++ compiler version
configure:2351: g++ --version >&5
g++ (Ubuntu 4.4.3-4ubuntu5) 4.4.3
Copyright (C) 2009 Free Software Foundation, Inc.
This is free software; see the source for copying conditions.  There is NO
warranty; not even for MERCHANTABILITY or FITNESS FOR A PARTICULAR PURPOSE.

configure:2354: $? = 0
configure:2361: g++ -v >&5
Using built-in specs.
Target: i486-linux-gnu
Configured with: ../src/configure -v --with-pkgversion='Ubuntu 4.4.3-4ubuntu5' --with-bugurl=file:///usr/share/doc/gcc-4.4/README.Bugs --enable-languages=c,c++,fortran,objc,obj-c++ --prefix=/usr --enable-shared --enable-multiarch --enable-linker-build-id --with-system-zlib --libexecdir=/usr/lib --without-included-gettext --enable-threads=posix --with-gxx-include-dir=/usr/include/c++/4.4 --program-suffix=-4.4 --enable-nls --enable-clocale=gnu --enable-libstdcxx-debug --enable-plugin --enable-objc-gc --enable-targets=all --disable-werror --with-arch-32=i486 --with-tune=generic --enable-checking=release --build=i486-linux-gnu --host=i486-linux-gnu --target=i486-linux-gnu
Thread model: posix
gcc version 4.4.3 (Ubuntu 4.4.3-4ubuntu5) 
configure:2364: $? = 0
configure:2371: g++ -V >&5
g++: '-V' option must have argument
configure:2374: $? = 1
configure:2397: checking for C++ compiler default output file name
configure:2424: g++    conftest.cpp  >&5
configure:2427: $? = 0
configure:2465: result: a.out
configure:2482: checking whether the C++ compiler works
configure:2492: ./a.out
configure:2495: $? = 0
configure:2512: result: yes
configure:2519: checking whether we are cross compiling
configure:2521: result: no
configure:2524: checking for suffix of executables
configure:2531: g++ -o conftest    conftest.cpp  >&5
configure:2534: $? = 0
configure:2558: result: 
configure:2564: checking for suffix of object files
configure:2590: g++ -c   conftest.cpp >&5
configure:2593: $? = 0
configure:2616: result: o
configure:2620: checking whether we are using the GNU C++ compiler
configure:2649: g++ -c   conftest.cpp >&5
configure:2655: $? = 0
configure:2672: result: yes
configure:2677: checking whether g++ accepts -g
configure:2707: g++ -c -g  conftest.cpp >&5
configure:2713: $? = 0
configure:2812: result: yes
configure:2846: checking for style of include used by make
configure:2874: result: GNU
configure:2899: checking dependency style of g++
configure:2990: result: gcc3
configure:3053: checking for gcc
configure:3069: found /usr/bin/gcc
configure:3080: result: gcc
configure:3318: checking for C compiler version
configure:3325: gcc --version >&5
gcc (Ubuntu 4.4.3-4ubuntu5) 4.4.3
Copyright (C) 2009 Free Software Foundation, Inc.
This is free software; see the source for copying conditions.  There is NO
warranty; not even for MERCHANTABILITY or FITNESS FOR A PARTICULAR PURPOSE.

configure:3328: $? = 0
configure:3335: gcc -v >&5
Using built-in specs.
Target: i486-linux-gnu
Configured with: ../src/configure -v --with-pkgversion='Ubuntu 4.4.3-4ubuntu5' --with-bugurl=file:///usr/share/doc/gcc-4.4/README.Bugs --enable-languages=c,c++,fortran,objc,obj-c++ --prefix=/usr --enable-shared --enable-multiarch --enable-linker-build-id --with-system-zlib --libexecdir=/usr/lib --without-included-gettext --enable-threads=posix --with-gxx-include-dir=/usr/include/c++/4.4 --program-suffix=-4.4 --enable-nls --enable-clocale=gnu --enable-libstdcxx-debug --enable-plugin --enable-objc-gc --enable-targets=all --disable-werror --with-arch-32=i486 --with-tune=generic --enable-checking=release --build=i486-linux-gnu --host=i486-linux-gnu --target=i486-linux-gnu
Thread model: posix
gcc version 4.4.3 (Ubuntu 4.4.3-4ubuntu5) 
configure:3338: $? = 0
configure:3345: gcc -V >&5
gcc: '-V' option must have argument
configure:3348: $? = 1
configure:3351: checking whether we are using the GNU C compiler
configure:3380: gcc -c   conftest.c >&5
configure:3386: $? = 0
configure:3403: result: yes
configure:3408: checking whether gcc accepts -g
configure:3438: gcc -c -g  conftest.c >&5
configure:3444: $? = 0
configure:3543: result: yes
configure:3560: checking for gcc option to accept ISO C89
configure:3634: gcc  -c -g -O2  conftest.c >&5
configure:3640: $? = 0
configure:3663: result: none needed
configure:3683: checking dependency style of gcc
configure:3774: result: gcc3
configure:3832: checking for ranlib
configure:3848: found /usr/bin/ranlib
configure:3859: result: ranlib
configure:3898: checking for dirent.h that defines DIR
configure:3927: gcc -c -g -O2  conftest.c >&5
configure:3933: $? = 0
configure:3949: result: yes
configure:3962: checking for library containing opendir
configure:4003: gcc -o conftest -g -O2   conftest.c  >&5
configure:4009: $? = 0
configure:4037: result: none required
configure:4136: checking how to run the C preprocessor
configure:4176: gcc -E  conftest.c
configure:4182: $? = 0
configure:4213: gcc -E  conftest.c
conftest.c:11:28: error: ac_nonexistent.h: No such file or directory
configure:4219: $? = 1
configure: failed program was:
| /* confdefs.h.  */
| #define PACKAGE_NAME "xjoj"
| #define PACKAGE_TARNAME "xjoj"
| #define PACKAGE_VERSION "1.0"
| #define PACKAGE_STRING "xjoj 1.0"
| #define PACKAGE_BUGREPORT ""
| #define PACKAGE "xjoj"
| #define VERSION "1.0"
| #define HAVE_DIRENT_H 1
| /* end confdefs.h.  */
| #include <ac_nonexistent.h>
configure:4252: result: gcc -E
configure:4281: gcc -E  conftest.c
configure:4287: $? = 0
configure:4318: gcc -E  conftest.c
conftest.c:11:28: error: ac_nonexistent.h: No such file or directory
configure:4324: $? = 1
configure: failed program was:
| /* confdefs.h.  */
| #define PACKAGE_NAME "xjoj"
| #define PACKAGE_TARNAME "xjoj"
| #define PACKAGE_VERSION "1.0"
| #define PACKAGE_STRING "xjoj 1.0"
| #define PACKAGE_BUGREPORT ""
| #define PACKAGE "xjoj"
| #define VERSION "1.0"
| #define HAVE_DIRENT_H 1
| /* end confdefs.h.  */
| #include <ac_nonexistent.h>
configure:4362: checking for grep that handles long lines and -e
configure:4436: result: /bin/grep
configure:4441: checking for egrep
configure:4519: result: /bin/grep -E
configure:4524: checking for ANSI C header files
configure:4554: gcc -c -g -O2  conftest.c >&5
configure:4560: $? = 0
configure:4659: gcc -o conftest -g -O2   conftest.c  >&5
configure:4662: $? = 0
configure:4668: ./conftest
configure:4671: $? = 0
configure:4688: result: yes
configure:4698: checking for sys/wait.h that is POSIX.1 compatible
configure:4734: gcc -c -g -O2  conftest.c >&5
configure:4740: $? = 0
configure:4755: result: yes
configure:4779: checking for sys/types.h
configure:4800: gcc -c -g -O2  conftest.c >&5
configure:4806: $? = 0
configure:4822: result: yes
configure:4779: checking for sys/stat.h
configure:4800: gcc -c -g -O2  conftest.c >&5
configure:4806: $? = 0
configure:4822: result: yes
configure:4779: checking for stdlib.h
configure:4800: gcc -c -g -O2  conftest.c >&5
configure:4806: $? = 0
configure:4822: result: yes
configure:4779: checking for string.h
configure:4800: gcc -c -g -O2  conftest.c >&5
configure:4806: $? = 0
configure:4822: result: yes
configure:4779: checking for memory.h
configure:4800: gcc -c -g -O2  conftest.c >&5
configure:4806: $? = 0
configure:4822: result: yes
configure:4779: checking for strings.h
configure:4800: gcc -c -g -O2  conftest.c >&5
configure:4806: $? = 0
configure:4822: result: yes
configure:4779: checking for inttypes.h
configure:4800: gcc -c -g -O2  conftest.c >&5
configure:4806: $? = 0
configure:4822: result: yes
configure:4779: checking for stdint.h
configure:4800: gcc -c -g -O2  conftest.c >&5
configure:4806: $? = 0
configure:4822: result: yes
configure:4779: checking for unistd.h
configure:4800: gcc -c -g -O2  conftest.c >&5
configure:4806: $? = 0
configure:4822: result: yes
configure:4858: checking arpa/inet.h usability
configure:4875: gcc -c -g -O2  conftest.c >&5
configure:4881: $? = 0
configure:4895: result: yes
configure:4899: checking arpa/inet.h presence
configure:4914: gcc -E  conftest.c
configure:4920: $? = 0
configure:4934: result: yes
configure:4962: checking for arpa/inet.h
configure:4970: result: yes
configure:4858: checking fcntl.h usability
configure:4875: gcc -c -g -O2  conftest.c >&5
configure:4881: $? = 0
configure:4895: result: yes
configure:4899: checking fcntl.h presence
configure:4914: gcc -E  conftest.c
configure:4920: $? = 0
configure:4934: result: yes
configure:4962: checking for fcntl.h
configure:4970: result: yes
configure:4848: checking for stdlib.h
configure:4854: result: yes
configure:4848: checking for string.h
configure:4854: result: yes
configure:4858: checking sys/ioctl.h usability
configure:4875: gcc -c -g -O2  conftest.c >&5
configure:4881: $? = 0
configure:4895: result: yes
configure:4899: checking sys/ioctl.h presence
configure:4914: gcc -E  conftest.c
configure:4920: $? = 0
configure:4934: result: yes
configure:4962: checking for sys/ioctl.h
configure:4970: result: yes
configure:4858: checking sys/socket.h usability
configure:4875: gcc -c -g -O2  conftest.c >&5
configure:4881: $? = 0
configure:4895: result: yes
configure:4899: checking sys/socket.h presence
configure:4914: gcc -E  conftest.c
configure:4920: $? = 0
configure:4934: result: yes
configure:4962: checking for sys/socket.h
configure:4970: result: yes
configure:4858: checking sys/time.h usability
configure:4875: gcc -c -g -O2  conftest.c >&5
configure:4881: $? = 0
configure:4895: result: yes
configure:4899: checking sys/time.h presence
configure:4914: gcc -E  conftest.c
configure:4920: $? = 0
configure:4934: result: yes
configure:4962: checking for sys/time.h
configure:4970: result: yes
configure:4858: checking syslog.h usability
configure:4875: gcc -c -g -O2  conftest.c >&5
configure:4881: $? = 0
configure:4895: result: yes
configure:4899: checking syslog.h presence
configure:4914: gcc -E  conftest.c
configure:4920: $? = 0
configure:4934: result: yes
configure:4962: checking for syslog.h
configure:4970: result: yes
configure:4848: checking for unistd.h
configure:4854: result: yes
configure:4848: checking for sys/wait.h
configure:4854: result: yes
configure:4985: checking for stdbool.h that conforms to C99
configure:5078: gcc -c -g -O2  conftest.c >&5
configure:5084: $? = 0
configure:5099: result: yes
configure:5101: checking for _Bool
configure:5131: gcc -c -g -O2  conftest.c >&5
configure:5137: $? = 0
configure:5152: result: yes
configure:5171: checking for an ANSI C-conforming const
configure:5246: gcc -c -g -O2  conftest.c >&5
configure:5252: $? = 0
configure:5267: result: yes
configure:5277: checking for inline
configure:5303: gcc -c -g -O2  conftest.c >&5
configure:5309: $? = 0
configure:5327: result: inline
configure:5346: checking for pid_t
configure:5376: gcc -c -g -O2  conftest.c >&5
configure:5382: $? = 0
configure:5397: result: yes
configure:5409: checking for size_t
configure:5439: gcc -c -g -O2  conftest.c >&5
configure:5445: $? = 0
configure:5460: result: yes
configure:5472: checking for ssize_t
configure:5502: gcc -c -g -O2  conftest.c >&5
configure:5508: $? = 0
configure:5523: result: yes
configure:5535: checking whether time.h and sys/time.h may both be included
configure:5565: gcc -c -g -O2  conftest.c >&5
configure:5571: $? = 0
configure:5586: result: yes
configure:5596: checking whether struct tm is in sys/time.h or time.h
configure:5626: gcc -c -g -O2  conftest.c >&5
configure:5632: $? = 0
configure:5647: result: time.h
configure:5661: checking for mysql_config
configure:5679: found /usr/bin/mysql_config
configure:5692: result: /usr/bin/mysql_config
configure:5714: checking whether closedir returns void
configure:5748: gcc -o conftest -g -O2   conftest.c  >&5
configure:5751: $? = 0
configure:5757: ./conftest
configure:5760: $? = 0
configure:5776: result: no
configure:5801: checking vfork.h usability
configure:5818: gcc -c -g -O2  conftest.c >&5
conftest.c:68:19: error: vfork.h: No such file or directory
configure:5824: $? = 1
configure: failed program was:
| /* confdefs.h.  */
| #define PACKAGE_NAME "xjoj"
| #define PACKAGE_TARNAME "xjoj"
| #define PACKAGE_VERSION "1.0"
| #define PACKAGE_STRING "xjoj 1.0"
| #define PACKAGE_BUGREPORT ""
| #define PACKAGE "xjoj"
| #define VERSION "1.0"
| #define HAVE_DIRENT_H 1
| #define STDC_HEADERS 1
| #define HAVE_SYS_WAIT_H 1
| #define HAVE_SYS_TYPES_H 1
| #define HAVE_SYS_STAT_H 1
| #define HAVE_STDLIB_H 1
| #define HAVE_STRING_H 1
| #define HAVE_MEMORY_H 1
| #define HAVE_STRINGS_H 1
| #define HAVE_INTTYPES_H 1
| #define HAVE_STDINT_H 1
| #define HAVE_UNISTD_H 1
| #define HAVE_ARPA_INET_H 1
| #define HAVE_FCNTL_H 1
| #define HAVE_STDLIB_H 1
| #define HAVE_STRING_H 1
| #define HAVE_SYS_IOCTL_H 1
| #define HAVE_SYS_SOCKET_H 1
| #define HAVE_SYS_TIME_H 1
| #define HAVE_SYSLOG_H 1
| #define HAVE_UNISTD_H 1
| #define HAVE_SYS_WAIT_H 1
| #define HAVE__BOOL 1
| #define HAVE_STDBOOL_H 1
| #define TIME_WITH_SYS_TIME 1
| /* end confdefs.h.  */
| #include <stdio.h>
| #ifdef HAVE_SYS_TYPES_H
| # include <sys/types.h>
| #endif
| #ifdef HAVE_SYS_STAT_H
| # include <sys/stat.h>
| #endif
| #ifdef STDC_HEADERS
| # include <stdlib.h>
| # include <stddef.h>
| #else
| # ifdef HAVE_STDLIB_H
| #  include <stdlib.h>
| # endif
| #endif
| #ifdef HAVE_STRING_H
| # if !defined STDC_HEADERS && defined HAVE_MEMORY_H
| #  include <memory.h>
| # endif
| # include <string.h>
| #endif
| #ifdef HAVE_STRINGS_H
| # include <strings.h>
| #endif
| #ifdef HAVE_INTTYPES_H
| # include <inttypes.h>
| #endif
| #ifdef HAVE_STDINT_H
| # include <stdint.h>
| #endif
| #ifdef HAVE_UNISTD_H
| # include <unistd.h>
| #endif
| #include <vfork.h>
configure:5838: result: no
configure:5842: checking vfork.h presence
configure:5857: gcc -E  conftest.c
conftest.c:35:19: error: vfork.h: No such file or directory
configure:5863: $? = 1
configure: failed program was:
| /* confdefs.h.  */
| #define PACKAGE_NAME "xjoj"
| #define PACKAGE_TARNAME "xjoj"
| #define PACKAGE_VERSION "1.0"
| #define PACKAGE_STRING "xjoj 1.0"
| #define PACKAGE_BUGREPORT ""
| #define PACKAGE "xjoj"
| #define VERSION "1.0"
| #define HAVE_DIRENT_H 1
| #define STDC_HEADERS 1
| #define HAVE_SYS_WAIT_H 1
| #define HAVE_SYS_TYPES_H 1
| #define HAVE_SYS_STAT_H 1
| #define HAVE_STDLIB_H 1
| #define HAVE_STRING_H 1
| #define HAVE_MEMORY_H 1
| #define HAVE_STRINGS_H 1
| #define HAVE_INTTYPES_H 1
| #define HAVE_STDINT_H 1
| #define HAVE_UNISTD_H 1
| #define HAVE_ARPA_INET_H 1
| #define HAVE_FCNTL_H 1
| #define HAVE_STDLIB_H 1
| #define HAVE_STRING_H 1
| #define HAVE_SYS_IOCTL_H 1
| #define HAVE_SYS_SOCKET_H 1
| #define HAVE_SYS_TIME_H 1
| #define HAVE_SYSLOG_H 1
| #define HAVE_UNISTD_H 1
| #define HAVE_SYS_WAIT_H 1
| #define HAVE__BOOL 1
| #define HAVE_STDBOOL_H 1
| #define TIME_WITH_SYS_TIME 1
| /* end confdefs.h.  */
| #include <vfork.h>
configure:5877: result: no
configure:5905: checking for vfork.h
configure:5913: result: no
configure:5931: checking for fork
configure:5987: gcc -o conftest -g -O2   conftest.c  >&5
conftest.c:58: warning: conflicting types for built-in function 'fork'
configure:5993: $? = 0
configure:6011: result: yes
configure:5931: checking for vfork
configure:5987: gcc -o conftest -g -O2   conftest.c  >&5
configure:5993: $? = 0
configure:6011: result: yes
configure:6022: checking for working fork
configure:6054: gcc -o conftest -g -O2   conftest.c  >&5
configure:6057: $? = 0
configure:6063: ./conftest
configure:6066: $? = 0
configure:6082: result: yes
configure:6103: checking for working vfork
configure:6241: result: yes
configure:6273: checking whether gcc needs -traditional
configure:6315: result: no
configure:6322: checking whether lstat dereferences a symlink specified with a trailing slash
configure:6358: gcc -o conftest -g -O2   conftest.c  >&5
configure:6361: $? = 0
configure:6367: ./conftest
configure:6370: $? = 0
configure:6393: result: yes
configure:6412: checking whether lstat accepts an empty string
configure:6442: gcc -o conftest -g -O2   conftest.c  >&5
configure:6445: $? = 0
configure:6451: ./conftest
configure:6454: $? = 0
configure:6470: result: no
configure:6486: checking whether lstat dereferences a symlink specified with a trailing slash
configure:6557: result: yes
configure:6581: checking for stdlib.h
configure:6587: result: yes
configure:6716: checking for GNU libc compatible malloc
configure:6750: gcc -o conftest -g -O2   conftest.c  >&5
configure:6753: $? = 0
configure:6759: ./conftest
configure:6762: $? = 0
configure:6778: result: yes
configure:6822: checking sys/select.h usability
configure:6839: gcc -c -g -O2  conftest.c >&5
configure:6845: $? = 0
configure:6859: result: yes
configure:6863: checking sys/select.h presence
configure:6878: gcc -E  conftest.c
configure:6884: $? = 0
configure:6898: result: yes
configure:6926: checking for sys/select.h
configure:6934: result: yes
configure:6812: checking for sys/socket.h
configure:6818: result: yes
configure:6947: checking types of arguments for select
configure:6985: gcc -c -g -O2  conftest.c >&5
configure:6991: $? = 0
configure:7012: result: int,fd_set *,struct timeval *
configure:7039: checking for strftime
configure:7095: gcc -o conftest -g -O2   conftest.c  >&5
conftest.c:71: warning: conflicting types for built-in function 'strftime'
configure:7101: $? = 0
configure:7119: result: yes
configure:7217: checking for bzero
configure:7273: gcc -o conftest -g -O2   conftest.c  >&5
conftest.c:72: warning: conflicting types for built-in function 'bzero'
configure:7279: $? = 0
configure:7297: result: yes
configure:7217: checking for dup2
configure:7273: gcc -o conftest -g -O2   conftest.c  >&5
configure:7279: $? = 0
configure:7297: result: yes
configure:7217: checking for wait4
configure:7273: gcc -o conftest -g -O2   conftest.c  >&5
configure:7279: $? = 0
configure:7297: result: yes
configure:7217: checking for getcwd
configure:7273: gcc -o conftest -g -O2   conftest.c  >&5
configure:7279: $? = 0
configure:7297: result: yes
configure:7217: checking for gettimeofday
configure:7273: gcc -o conftest -g -O2   conftest.c  >&5
configure:7279: $? = 0
configure:7297: result: yes
configure:7217: checking for localtime_r
configure:7273: gcc -o conftest -g -O2   conftest.c  >&5
configure:7279: $? = 0
configure:7297: result: yes
configure:7217: checking for memset
configure:7273: gcc -o conftest -g -O2   conftest.c  >&5
conftest.c:78: warning: conflicting types for built-in function 'memset'
configure:7279: $? = 0
configure:7297: result: yes
configure:7217: checking for mkdir
configure:7273: gcc -o conftest -g -O2   conftest.c  >&5
configure:7279: $? = 0
configure:7297: result: yes
configure:7217: checking for rmdir
configure:7273: gcc -o conftest -g -O2   conftest.c  >&5
configure:7279: $? = 0
configure:7297: result: yes
configure:7217: checking for select
configure:7273: gcc -o conftest -g -O2   conftest.c  >&5
configure:7279: $? = 0
configure:7297: result: yes
configure:7217: checking for socket
configure:7273: gcc -o conftest -g -O2   conftest.c  >&5
configure:7279: $? = 0
configure:7297: result: yes
configure:7217: checking for strdup
configure:7273: gcc -o conftest -g -O2   conftest.c  >&5
conftest.c:83: warning: conflicting types for built-in function 'strdup'
configure:7279: $? = 0
configure:7297: result: yes
configure:7217: checking for strerror
configure:7273: gcc -o conftest -g -O2   conftest.c  >&5
configure:7279: $? = 0
configure:7297: result: yes
configure:7217: checking for strstr
configure:7273: gcc -o conftest -g -O2   conftest.c  >&5
conftest.c:85: warning: conflicting types for built-in function 'strstr'
configure:7279: $? = 0
configure:7297: result: yes
configure:7443: creating ./config.status

## ---------------- ##
## Cache variables. ##
## ---------------- ##

ac_cv_c_compiler_gnu=yes
ac_cv_c_const=yes
ac_cv_c_inline=inline
ac_cv_cxx_compiler_gnu=yes
ac_cv_env_CCC_set=
ac_cv_env_CCC_value=
ac_cv_env_CC_set=
ac_cv_env_CC_value=
ac_cv_env_CFLAGS_set=
ac_cv_env_CFLAGS_value=
ac_cv_env_CPPFLAGS_set=
ac_cv_env_CPPFLAGS_value=
ac_cv_env_CPP_set=
ac_cv_env_CPP_value=
ac_cv_env_CXXFLAGS_set=
ac_cv_env_CXXFLAGS_value=
ac_cv_env_CXX_set=
ac_cv_env_CXX_value=
ac_cv_env_LDFLAGS_set=
ac_cv_env_LDFLAGS_value=
ac_cv_env_LIBS_set=
ac_cv_env_LIBS_value=
ac_cv_env_build_alias_set=
ac_cv_env_build_alias_value=
ac_cv_env_host_alias_set=
ac_cv_env_host_alias_value=
ac_cv_env_target_alias_set=
ac_cv_env_target_alias_value=
ac_cv_func_bzero=yes
ac_cv_func_closedir_void=no
ac_cv_func_dup2=yes
ac_cv_func_fork=yes
ac_cv_func_fork_works=yes
ac_cv_func_getcwd=yes
ac_cv_func_gettimeofday=yes
ac_cv_func_localtime_r=yes
ac_cv_func_lstat_dereferences_slashed_symlink=yes
ac_cv_func_lstat_empty_string_bug=no
ac_cv_func_malloc_0_nonnull=yes
ac_cv_func_memset=yes
ac_cv_func_mkdir=yes
ac_cv_func_rmdir=yes
ac_cv_func_select=yes
ac_cv_func_select_args='int,fd_set *,struct timeval *'
ac_cv_func_socket=yes
ac_cv_func_strdup=yes
ac_cv_func_strerror=yes
ac_cv_func_strftime=yes
ac_cv_func_strstr=yes
ac_cv_func_vfork=yes
ac_cv_func_vfork_works=yes
ac_cv_func_wait4=yes
ac_cv_header_arpa_inet_h=yes
ac_cv_header_dirent_dirent_h=yes
ac_cv_header_fcntl_h=yes
ac_cv_header_inttypes_h=yes
ac_cv_header_memory_h=yes
ac_cv_header_stdbool_h=yes
ac_cv_header_stdc=yes
ac_cv_header_stdint_h=yes
ac_cv_header_stdlib_h=yes
ac_cv_header_string_h=yes
ac_cv_header_strings_h=yes
ac_cv_header_sys_ioctl_h=yes
ac_cv_header_sys_select_h=yes
ac_cv_header_sys_socket_h=yes
ac_cv_header_sys_stat_h=yes
ac_cv_header_sys_time_h=yes
ac_cv_header_sys_types_h=yes
ac_cv_header_sys_wait_h=yes
ac_cv_header_syslog_h=yes
ac_cv_header_time=yes
ac_cv_header_unistd_h=yes
ac_cv_header_vfork_h=no
ac_cv_objext=o
ac_cv_path_EGREP='/bin/grep -E'
ac_cv_path_GREP=/bin/grep
ac_cv_path_install='/usr/bin/install -c'
ac_cv_path_mkdir=/bin/mkdir
ac_cv_path_mysql_config_path=/usr/bin/mysql_config
ac_cv_prog_AWK=gawk
ac_cv_prog_CPP='gcc -E'
ac_cv_prog_ac_ct_CC=gcc
ac_cv_prog_ac_ct_CXX=g++
ac_cv_prog_ac_ct_RANLIB=ranlib
ac_cv_prog_cc_c89=
ac_cv_prog_cc_g=yes
ac_cv_prog_cxx_g=yes
ac_cv_prog_gcc_traditional=no
ac_cv_prog_make_make_set=yes
ac_cv_search_opendir='none required'
ac_cv_struct_tm=time.h
ac_cv_type__Bool=yes
ac_cv_type_pid_t=yes
ac_cv_type_size_t=yes
ac_cv_type_ssize_t=yes
am_cv_CC_dependencies_compiler_type=gcc3
am_cv_CXX_dependencies_compiler_type=gcc3

## ----------------- ##
## Output variables. ##
## ----------------- ##

ACLOCAL='${SHELL} /home/chenkun/xjoj-read-only/missing --run aclocal-1.10'
AMDEPBACKSLASH='\'
AMDEP_FALSE='#'
AMDEP_TRUE=''
AMTAR='${SHELL} /home/chenkun/xjoj-read-only/missing --run tar'
AUTOCONF='${SHELL} /home/chenkun/xjoj-read-only/missing --run autoconf'
AUTOHEADER='${SHELL} /home/chenkun/xjoj-read-only/missing --run autoheader'
AUTOMAKE='${SHELL} /home/chenkun/xjoj-read-only/missing --run automake-1.10'
AWK='gawk'
CC='gcc'
CCDEPMODE='depmode=gcc3'
CFLAGS='-g -O2'
CPP='gcc -E'
CPPFLAGS=''
CXX='g++'
CXXDEPMODE='depmode=gcc3'
CXXFLAGS='-g -O2'
CYGPATH_W='echo'
DEFS='-DHAVE_CONFIG_H'
DEPDIR='.deps'
ECHO_C=''
ECHO_N='-n'
ECHO_T=''
EGREP='/bin/grep -E'
EXEEXT=''
GREP='/bin/grep'
INSTALL_DATA='${INSTALL} -m 644'
INSTALL_PROGRAM='${INSTALL}'
INSTALL_SCRIPT='${INSTALL}'
INSTALL_STRIP_PROGRAM='$(install_sh) -c -s'
LDFLAGS=''
LIBOBJS=''
LIBS=''
LTLIBOBJS=''
MAKEINFO='${SHELL} /home/chenkun/xjoj-read-only/missing --run makeinfo'
MYSQL_CFLAGS='-I/usr/include/mysql  -DBIG_JOINS=1  -fno-strict-aliasing   -DUNIV_LINUX -DUNIV_LINUX'
MYSQL_LDFLAGS='-Wl,-Bsymbolic-functions -rdynamic -L/usr/lib/mysql -lmysqlclient'
OBJEXT='o'
PACKAGE='xjoj'
PACKAGE_BUGREPORT=''
PACKAGE_NAME='xjoj'
PACKAGE_STRING='xjoj 1.0'
PACKAGE_TARNAME='xjoj'
PACKAGE_VERSION='1.0'
PATH_SEPARATOR=':'
RANLIB='ranlib'
SET_MAKE=''
SHELL='/bin/bash'
STRIP=''
VERSION='1.0'
ac_ct_CC='gcc'
ac_ct_CXX='g++'
am__fastdepCC_FALSE='#'
am__fastdepCC_TRUE=''
am__fastdepCXX_FALSE='#'
am__fastdepCXX_TRUE=''
am__include='include'
am__isrc=''
am__leading_dot='.'
am__quote=''
am__tar='${AMTAR} chof - "$$tardir"'
am__untar='${AMTAR} xf -'
bindir='${exec_prefix}/bin'
build_alias=''
datadir='${datarootdir}'
datarootdir='${prefix}/share'
docdir='${datarootdir}/doc/${PACKAGE_TARNAME}'
dvidir='${docdir}'
exec_prefix='${prefix}'
host_alias=''
htmldir='${docdir}'
includedir='${prefix}/include'
infodir='${datarootdir}/info'
install_sh='$(SHELL) /home/chenkun/xjoj-read-only/install-sh'
libdir='${exec_prefix}/lib'
libexecdir='${exec_prefix}/libexec'
localedir='${datarootdir}/locale'
localstatedir='${prefix}/var'
mandir='${datarootdir}/man'
mkdir_p='/bin/mkdir -p'
mysql_config_path='/usr/bin/mysql_config'
oldincludedir='/usr/include'
pdfdir='${docdir}'
prefix='/usr/local/xjoj'
program_transform_name='s,x,x,'
psdir='${docdir}'
sbindir='${exec_prefix}/sbin'
sharedstatedir='${prefix}/com'
sysconfdir='${prefix}/etc'
target_alias=''

## ----------- ##
## confdefs.h. ##
## ----------- ##

#define PACKAGE_NAME "xjoj"
#define PACKAGE_TARNAME "xjoj"
#define PACKAGE_VERSION "1.0"
#define PACKAGE_STRING "xjoj 1.0"
#define PACKAGE_BUGREPORT ""
#define PACKAGE "xjoj"
#define VERSION "1.0"
#define HAVE_DIRENT_H 1
#define STDC_HEADERS 1
#define HAVE_SYS_WAIT_H 1
#define HAVE_SYS_TYPES_H 1
#define HAVE_SYS_STAT_H 1
#define HAVE_STDLIB_H 1
#define HAVE_STRING_H 1
#define HAVE_MEMORY_H 1
#define HAVE_STRINGS_H 1
#define HAVE_INTTYPES_H 1
#define HAVE_STDINT_H 1
#define HAVE_UNISTD_H 1
#define HAVE_ARPA_INET_H 1
#define HAVE_FCNTL_H 1
#define HAVE_STDLIB_H 1
#define HAVE_STRING_H 1
#define HAVE_SYS_IOCTL_H 1
#define HAVE_SYS_SOCKET_H 1
#define HAVE_SYS_TIME_H 1
#define HAVE_SYSLOG_H 1
#define HAVE_UNISTD_H 1
#define HAVE_SYS_WAIT_H 1
#define HAVE__BOOL 1
#define HAVE_STDBOOL_H 1
#define TIME_WITH_SYS_TIME 1
#define HAVE_FORK 1
#define HAVE_VFORK 1
#define HAVE_WORKING_VFORK 1
#define HAVE_WORKING_FORK 1
#define LSTAT_FOLLOWS_SLASHED_SYMLINK 1
#define LSTAT_FOLLOWS_SLASHED_SYMLINK 1
#define HAVE_STDLIB_H 1
#define HAVE_MALLOC 1
#define HAVE_SYS_SELECT_H 1
#define HAVE_SYS_SOCKET_H 1
#define SELECT_TYPE_ARG1 int
#define SELECT_TYPE_ARG234 (fd_set *)
#define SELECT_TYPE_ARG5 (struct timeval *)
#define HAVE_STRFTIME 1
#define HAVE_BZERO 1
#define HAVE_DUP2 1
#define HAVE_WAIT4 1
#define HAVE_GETCWD 1
#define HAVE_GETTIMEOFDAY 1
#define HAVE_LOCALTIME_R 1
#define HAVE_MEMSET 1
#define HAVE_MKDIR 1
#define HAVE_RMDIR 1
#define HAVE_SELECT 1
#define HAVE_SOCKET 1
#define HAVE_STRDUP 1
#define HAVE_STRERROR 1
#define HAVE_STRSTR 1
#define XJOJHOME "/usr/local/xjoj"

configure: exit 0

## ---------------------- ##
## Running config.status. ##
## ---------------------- ##

This file was extended by xjoj config.status 1.0, which was
generated by GNU Autoconf 2.61.  Invocation command line was

  CONFIG_FILES    = 
  CONFIG_HEADERS  = 
  CONFIG_LINKS    = 
  CONFIG_COMMANDS = 
  $ ./config.status 

on chenkun-desktop

config.status:648: creating Makefile
config.status:648: creating client/Makefile
config.status:648: creating lib/Makefile
config.status:648: creating server/Makefile
config.status:648: creating makeconfig.h
config.status:925: makeconfig.h is unchanged
config.status:972: executing depfiles commands

## ---------------------- ##
## Running config.status. ##
## ---------------------- ##

This file was extended by xjoj config.status 1.0, which was
generated by GNU Autoconf 2.61.  Invocation command line was

  CONFIG_FILES    = 
  CONFIG_HEADERS  = 
  CONFIG_LINKS    = 
  CONFIG_COMMANDS = 
  $ ./config.status makeconfig.h

on chenkun-desktop

config.status:648: creating makeconfig.h
config.status:925: makeconfig.h is unchanged
